<?xml version="1.0" encoding="UTF-8"?>
<!-- Generated by org.testng.reporters.JUnitReportReporter -->
<testsuite hostname="SILPPI" failures="0" tests="2" name="android.Install" time="32.479" errors="0" timestamp="2024-02-28T13:13:30 IST" skipped="0">
  <testcase classname="android.Install" name="setCApabilities" time="17.496"/>
  <system-out/>
  <testcase classname="android.Install" name="perforfActions" time="14.983"/>
  <system-out/>
</testsuite> <!-- android.Install -->
